internal/modules/cjs/loader.js:1102
      throw new ERR_REQUIRE_ESM(filename, parentPath, packageJsonPath);
      ^

Error [ERR_REQUIRE_ESM]: Must use import to load ES Module: /home/cordxvvs/felixcordero.dev/my_app/app.js
require() of ES modules is not supported.
require() of /home/cordxvvs/felixcordero.dev/my_app/app.js from /usr/local/lsws/fcgi-bin/lsnode.js is an ES module file as it is a .js file whose nearest parent package.json contains "type": "module" which defines all .js files in that package scope as ES modules.
Instead rename app.js to end in .cjs, change the requiring code to use import(), or remove "type": "module" from /home/cordxvvs/felixcordero.dev/my_app/package.json.

    at new NodeError (internal/errors.js:322:7)
    at Object.Module._extensions..js (internal/modules/cjs/loader.js:1102:13)
    at Module.load (internal/modules/cjs/loader.js:950:32)
    at Function.Module._load (internal/modules/cjs/loader.js:790:12)
    at Module.require (internal/modules/cjs/loader.js:974:19)
    at require (internal/modules/cjs/helpers.js:101:18)
    at startApplication (/usr/local/lsws/fcgi-bin/lsnode.js:48:15)
    at Object.<anonymous> (/usr/local/lsws/fcgi-bin/lsnode.js:16:1)
    at Module._compile (internal/modules/cjs/loader.js:1085:14)
    at Object.Module._extensions..js (internal/modules/cjs/loader.js:1114:10) {
  code: 'ERR_REQUIRE_ESM'
}
internal/modules/cjs/loader.js:1102
      throw new ERR_REQUIRE_ESM(filename, parentPath, packageJsonPath);
      ^

Error [ERR_REQUIRE_ESM]: Must use import to load ES Module: /home/cordxvvs/felixcordero.dev/my_app/app.js
require() of ES modules is not supported.
require() of /home/cordxvvs/felixcordero.dev/my_app/app.js from /usr/local/lsws/fcgi-bin/lsnode.js is an ES module file as it is a .js file whose nearest parent package.json contains "type": "module" which defines all .js files in that package scope as ES modules.
Instead rename app.js to end in .cjs, change the requiring code to use import(), or remove "type": "module" from /home/cordxvvs/felixcordero.dev/my_app/package.json.

    at new NodeError (internal/errors.js:322:7)
    at Object.Module._extensions..js (internal/modules/cjs/loader.js:1102:13)
    at Module.load (internal/modules/cjs/loader.js:950:32)
    at Function.Module._load (internal/modules/cjs/loader.js:790:12)
    at Module.require (internal/modules/cjs/loader.js:974:19)
    at require (internal/modules/cjs/helpers.js:101:18)
    at startApplication (/usr/local/lsws/fcgi-bin/lsnode.js:48:15)
    at Object.<anonymous> (/usr/local/lsws/fcgi-bin/lsnode.js:16:1)
    at Module._compile (internal/modules/cjs/loader.js:1085:14)
    at Object.Module._extensions..js (internal/modules/cjs/loader.js:1114:10) {
  code: 'ERR_REQUIRE_ESM'
}
internal/modules/cjs/loader.js:1102
      throw new ERR_REQUIRE_ESM(filename, parentPath, packageJsonPath);
      ^

Error [ERR_REQUIRE_ESM]: Must use import to load ES Module: /home/cordxvvs/felixcordero.dev/my_app/app.js
require() of ES modules is not supported.
require() of /home/cordxvvs/felixcordero.dev/my_app/app.js from /usr/local/lsws/fcgi-bin/lsnode.js is an ES module file as it is a .js file whose nearest parent package.json contains "type": "module" which defines all .js files in that package scope as ES modules.
Instead rename app.js to end in .cjs, change the requiring code to use import(), or remove "type": "module" from /home/cordxvvs/felixcordero.dev/my_app/package.json.

    at new NodeError (internal/errors.js:322:7)
    at Object.Module._extensions..js (internal/modules/cjs/loader.js:1102:13)
    at Module.load (internal/modules/cjs/loader.js:950:32)
    at Function.Module._load (internal/modules/cjs/loader.js:790:12)
    at Module.require (internal/modules/cjs/loader.js:974:19)
    at require (internal/modules/cjs/helpers.js:101:18)
    at startApplication (/usr/local/lsws/fcgi-bin/lsnode.js:48:15)
    at Object.<anonymous> (/usr/local/lsws/fcgi-bin/lsnode.js:16:1)
    at Module._compile (internal/modules/cjs/loader.js:1085:14)
    at Object.Module._extensions..js (internal/modules/cjs/loader.js:1114:10) {
  code: 'ERR_REQUIRE_ESM'
}
internal/modules/cjs/loader.js:1102
      throw new ERR_REQUIRE_ESM(filename, parentPath, packageJsonPath);
      ^

Error [ERR_REQUIRE_ESM]: Must use import to load ES Module: /home/cordxvvs/felixcordero.dev/my_app/app.js
require() of ES modules is not supported.
require() of /home/cordxvvs/felixcordero.dev/my_app/app.js from /usr/local/lsws/fcgi-bin/lsnode.js is an ES module file as it is a .js file whose nearest parent package.json contains "type": "module" which defines all .js files in that package scope as ES modules.
Instead rename app.js to end in .cjs, change the requiring code to use import(), or remove "type": "module" from /home/cordxvvs/felixcordero.dev/my_app/package.json.

    at new NodeError (internal/errors.js:322:7)
    at Object.Module._extensions..js (internal/modules/cjs/loader.js:1102:13)
    at Module.load (internal/modules/cjs/loader.js:950:32)
    at Function.Module._load (internal/modules/cjs/loader.js:790:12)
    at Module.require (internal/modules/cjs/loader.js:974:19)
    at require (internal/modules/cjs/helpers.js:101:18)
    at startApplication (/usr/local/lsws/fcgi-bin/lsnode.js:48:15)
    at Object.<anonymous> (/usr/local/lsws/fcgi-bin/lsnode.js:16:1)
    at Module._compile (internal/modules/cjs/loader.js:1085:14)
    at Object.Module._extensions..js (internal/modules/cjs/loader.js:1114:10) {
  code: 'ERR_REQUIRE_ESM'
}
internal/modules/cjs/loader.js:1102
      throw new ERR_REQUIRE_ESM(filename, parentPath, packageJsonPath);
      ^

Error [ERR_REQUIRE_ESM]: Must use import to load ES Module: /home/cordxvvs/felixcordero.dev/my_app/app.js
require() of ES modules is not supported.
require() of /home/cordxvvs/felixcordero.dev/my_app/app.js from /usr/local/lsws/fcgi-bin/lsnode.js is an ES module file as it is a .js file whose nearest parent package.json contains "type": "module" which defines all .js files in that package scope as ES modules.
Instead rename app.js to end in .cjs, change the requiring code to use import(), or remove "type": "module" from /home/cordxvvs/felixcordero.dev/my_app/package.json.

    at new NodeError (internal/errors.js:322:7)
    at Object.Module._extensions..js (internal/modules/cjs/loader.js:1102:13)
    at Module.load (internal/modules/cjs/loader.js:950:32)
    at Function.Module._load (internal/modules/cjs/loader.js:790:12)
    at Module.require (internal/modules/cjs/loader.js:974:19)
    at require (internal/modules/cjs/helpers.js:101:18)
    at startApplication (/usr/local/lsws/fcgi-bin/lsnode.js:48:15)
    at Object.<anonymous> (/usr/local/lsws/fcgi-bin/lsnode.js:16:1)
    at Module._compile (internal/modules/cjs/loader.js:1085:14)
    at Object.Module._extensions..js (internal/modules/cjs/loader.js:1114:10) {
  code: 'ERR_REQUIRE_ESM'
}
internal/modules/cjs/loader.js:1102
      throw new ERR_REQUIRE_ESM(filename, parentPath, packageJsonPath);
      ^

Error [ERR_REQUIRE_ESM]: Must use import to load ES Module: /home/cordxvvs/felixcordero.dev/my_app/app.js
require() of ES modules is not supported.
require() of /home/cordxvvs/felixcordero.dev/my_app/app.js from /usr/local/lsws/fcgi-bin/lsnode.js is an ES module file as it is a .js file whose nearest parent package.json contains "type": "module" which defines all .js files in that package scope as ES modules.
Instead rename app.js to end in .cjs, change the requiring code to use import(), or remove "type": "module" from /home/cordxvvs/felixcordero.dev/my_app/package.json.

    at new NodeError (internal/errors.js:322:7)
    at Object.Module._extensions..js (internal/modules/cjs/loader.js:1102:13)
    at Module.load (internal/modules/cjs/loader.js:950:32)
    at Function.Module._load (internal/modules/cjs/loader.js:790:12)
    at Module.require (internal/modules/cjs/loader.js:974:19)
    at require (internal/modules/cjs/helpers.js:101:18)
    at startApplication (/usr/local/lsws/fcgi-bin/lsnode.js:48:15)
    at Object.<anonymous> (/usr/local/lsws/fcgi-bin/lsnode.js:16:1)
    at Module._compile (internal/modules/cjs/loader.js:1085:14)
    at Object.Module._extensions..js (internal/modules/cjs/loader.js:1114:10) {
  code: 'ERR_REQUIRE_ESM'
}
internal/modules/cjs/loader.js:1102
      throw new ERR_REQUIRE_ESM(filename, parentPath, packageJsonPath);
      ^

Error [ERR_REQUIRE_ESM]: Must use import to load ES Module: /home/cordxvvs/felixcordero.dev/my_app/app.js
require() of ES modules is not supported.
require() of /home/cordxvvs/felixcordero.dev/my_app/app.js from /usr/local/lsws/fcgi-bin/lsnode.js is an ES module file as it is a .js file whose nearest parent package.json contains "type": "module" which defines all .js files in that package scope as ES modules.
Instead rename app.js to end in .cjs, change the requiring code to use import(), or remove "type": "module" from /home/cordxvvs/felixcordero.dev/my_app/package.json.

    at new NodeError (internal/errors.js:322:7)
    at Object.Module._extensions..js (internal/modules/cjs/loader.js:1102:13)
    at Module.load (internal/modules/cjs/loader.js:950:32)
    at Function.Module._load (internal/modules/cjs/loader.js:790:12)
    at Module.require (internal/modules/cjs/loader.js:974:19)
    at require (internal/modules/cjs/helpers.js:101:18)
    at startApplication (/usr/local/lsws/fcgi-bin/lsnode.js:48:15)
    at Object.<anonymous> (/usr/local/lsws/fcgi-bin/lsnode.js:16:1)
    at Module._compile (internal/modules/cjs/loader.js:1085:14)
    at Object.Module._extensions..js (internal/modules/cjs/loader.js:1114:10) {
  code: 'ERR_REQUIRE_ESM'
}
internal/modules/cjs/loader.js:1102
      throw new ERR_REQUIRE_ESM(filename, parentPath, packageJsonPath);
      ^

Error [ERR_REQUIRE_ESM]: Must use import to load ES Module: /home/cordxvvs/felixcordero.dev/my_app/app.js
require() of ES modules is not supported.
require() of /home/cordxvvs/felixcordero.dev/my_app/app.js from /usr/local/lsws/fcgi-bin/lsnode.js is an ES module file as it is a .js file whose nearest parent package.json contains "type": "module" which defines all .js files in that package scope as ES modules.
Instead rename app.js to end in .cjs, change the requiring code to use import(), or remove "type": "module" from /home/cordxvvs/felixcordero.dev/my_app/package.json.

    at new NodeError (internal/errors.js:322:7)
    at Object.Module._extensions..js (internal/modules/cjs/loader.js:1102:13)
    at Module.load (internal/modules/cjs/loader.js:950:32)
    at Function.Module._load (internal/modules/cjs/loader.js:790:12)
    at Module.require (internal/modules/cjs/loader.js:974:19)
    at require (internal/modules/cjs/helpers.js:101:18)
    at startApplication (/usr/local/lsws/fcgi-bin/lsnode.js:48:15)
    at Object.<anonymous> (/usr/local/lsws/fcgi-bin/lsnode.js:16:1)
    at Module._compile (internal/modules/cjs/loader.js:1085:14)
    at Object.Module._extensions..js (internal/modules/cjs/loader.js:1114:10) {
  code: 'ERR_REQUIRE_ESM'
}
